<?xml version="1.0" encoding="UTF-8"?>
<!-- Generated by org.testng.reporters.JUnitXMLReporter -->
<testsuite ignored="2" hostname="DESKTOP-G9OC788" failures="2" tests="2" name="EdgeTests" time="0.365" errors="0" timestamp="2023-10-14T21:50:48 IST">
  <testcase classname="testScripts.HomeTests" name="VerifyHomeButton" time="0.119">
    <failure type="java.lang.NullPointerException" message="Cannot invoke &amp;quot;java.util.ResourceBundle.getString(String)&amp;quot; because &amp;quot;this.resoruceBandleObj&amp;quot; is null">
      <![CDATA[java.lang.NullPointerException: Cannot invoke "java.util.ResourceBundle.getString(String)" because "this.resoruceBandleObj" is null
at testScripts.HomeTests.VerifyHomeButton(HomeTests.java:27)
at java.base/java.util.ArrayList.forEach(ArrayList.java:1511)
at java.base/java.util.concurrent.FutureTask.run(FutureTask.java:264)
at java.base/java.util.concurrent.ThreadPoolExecutor.runWorker(ThreadPoolExecutor.java:1136)
at java.base/java.util.concurrent.ThreadPoolExecutor$Worker.run(ThreadPoolExecutor.java:635)
at java.base/java.lang.Thread.run(Thread.java:833)
... Removed 17 stack frames]]>
    </failure>
  </testcase> <!-- VerifyHomeButton -->
  <testcase classname="testScripts.LoginTests" name="loginwithWrongCredentails" time="0.01">
    <failure type="java.lang.NullPointerException" message="Cannot invoke &amp;quot;org.apache.logging.log4j.Logger.error(String)&amp;quot; because &amp;quot;this.logger&amp;quot; is null">
      <![CDATA[java.lang.NullPointerException: Cannot invoke "org.apache.logging.log4j.Logger.error(String)" because "this.logger" is null
at testScripts.LoginTests.loginwithWrongCredentails(LoginTests.java:56)
at java.base/java.util.ArrayList.forEach(ArrayList.java:1511)
at java.base/java.util.concurrent.FutureTask.run(FutureTask.java:264)
at java.base/java.util.concurrent.ThreadPoolExecutor.runWorker(ThreadPoolExecutor.java:1136)
at java.base/java.util.concurrent.ThreadPoolExecutor$Worker.run(ThreadPoolExecutor.java:635)
at java.base/java.lang.Thread.run(Thread.java:833)
... Removed 17 stack frames]]>
    </failure>
  </testcase> <!-- loginwithWrongCredentails -->
  <testcase classname="testScripts.LoginTests" name="login" time="0.0">
    <ignored/>
  </testcase> <!-- login -->
  <testcase classname="testScripts.HomeTests" name="perfromLogout" time="0.0">
    <ignored/>
  </testcase> <!-- perfromLogout -->
</testsuite> <!-- EdgeTests -->
