<?xml version="1.0" encoding="UTF-8"?>
<!-- Generated by org.testng.reporters.JUnitXMLReporter -->
<testsuite ignored="0" hostname="DESKTOP-G9OC788" failures="1" tests="2" name="Test" time="26.79" errors="0" timestamp="2023-10-14T21:59:53 IST">
  <testcase classname="testScripts.LoginTests" name="login" time="10.929">
    <failure type="java.lang.AssertionError" message="null">
      <![CDATA[java.lang.AssertionError: null
at testScripts.LoginTests.login(LoginTests.java:32)
at java.base/java.util.ArrayList.forEach(ArrayList.java:1511)
... Removed 29 stack frames]]>
    </failure>
  </testcase> <!-- login -->
  <testcase classname="testScripts.LoginTests" name="loginwithWrongCredentails" time="0.43"/>
</testsuite> <!-- Test -->
