<?xml version="1.0" encoding="UTF-8"?>
<testng-results ignored="0" total="2" passed="2" failed="0" skipped="0">
  <reporter-output>
  </reporter-output>
  <suite started-at="2023-10-14T22:45:59 IST" name="Suite" finished-at="2023-10-14T22:46:13 IST" duration-ms="14963">
    <groups>
      <group name="Sanity">
        <method signature="LoginTests.login()[pri:1, instance:testScripts.LoginTests@6069db50]" name="login" class="testScripts.LoginTests"/>
      </group> <!-- Sanity -->
      <group name="Regression">
        <method signature="LoginTests.login()[pri:1, instance:testScripts.LoginTests@6069db50]" name="login" class="testScripts.LoginTests"/>
        <method signature="LoginTests.loginwithWrongCredentails()[pri:2, instance:testScripts.LoginTests@6069db50]" name="loginwithWrongCredentails" class="testScripts.LoginTests"/>
      </group> <!-- Regression -->
      <group name="Smoke">
        <method signature="LoginTests.login()[pri:1, instance:testScripts.LoginTests@6069db50]" name="login" class="testScripts.LoginTests"/>
      </group> <!-- Smoke -->
    </groups>
    <test started-at="2023-10-14T22:45:59 IST" name="Test" finished-at="2023-10-14T22:46:13 IST" duration-ms="14963">
      <class name="testScripts.LoginTests">
        <test-method is-config="true" signature="setup(java.lang.String)[pri:0, instance:testScripts.LoginTests@6069db50]" started-at="2023-10-14T22:45:59 IST" name="setup" finished-at="2023-10-14T22:46:10 IST" duration-ms="10381" status="PASS">
          <params>
            <param index="0">
              <value>
                <![CDATA[chrome]]>
              </value>
            </param>
          </params>
          <reporter-output>
          </reporter-output>
        </test-method> <!-- setup -->
        <test-method signature="login()[pri:1, instance:testScripts.LoginTests@6069db50]" started-at="2023-10-14T22:46:10 IST" name="login" finished-at="2023-10-14T22:46:11 IST" duration-ms="1577" status="PASS">
          <reporter-output>
          </reporter-output>
        </test-method> <!-- login -->
        <test-method signature="loginwithWrongCredentails()[pri:2, instance:testScripts.LoginTests@6069db50]" started-at="2023-10-14T22:46:11 IST" name="loginwithWrongCredentails" finished-at="2023-10-14T22:46:13 IST" duration-ms="1496" status="PASS">
          <reporter-output>
          </reporter-output>
        </test-method> <!-- loginwithWrongCredentails -->
        <test-method is-config="true" signature="tearDown()[pri:0, instance:testScripts.LoginTests@6069db50]" started-at="2023-10-14T22:46:13 IST" name="tearDown" finished-at="2023-10-14T22:46:13 IST" duration-ms="623" status="PASS">
          <reporter-output>
          </reporter-output>
        </test-method> <!-- tearDown -->
      </class> <!-- testScripts.LoginTests -->
    </test> <!-- Test -->
  </suite> <!-- Suite -->
</testng-results>
